<?xml version="1.0" encoding="UTF-8"?>
<coverage generated="1522699389990" clover="3.2.0">
  <project timestamp="1522699389990" name="All files">
    <metrics statements="135" coveredstatements="57" conditionals="21" coveredconditionals="7" methods="67" coveredmethods="12" elements="223" coveredelements="76" complexity="0" loc="135" ncloc="135" packages="8" files="19" classes="19">
      <package name="app">
        <metrics statements="2" coveredstatements="2" conditionals="0" coveredconditionals="0" methods="1" coveredmethods="1"/>
        <file name="App.js" path="D:\front-camp\learn-react-ssr\app\App.js">
          <metrics statements="2" coveredstatements="2" conditionals="0" coveredconditionals="0" methods="1" coveredmethods="1"/>
          <line num="11" count="1" type="stmt"/>
          <line num="12" count="1" type="stmt"/>
        </file>
        <file name="routes.js" path="D:\front-camp\learn-react-ssr\app\routes.js">
          <metrics statements="0" coveredstatements="0" conditionals="0" coveredconditionals="0" methods="0" coveredmethods="0"/>
        </file>
      </package>
      <package name="app.actions">
        <metrics statements="35" coveredstatements="12" conditionals="4" coveredconditionals="0" methods="25" coveredmethods="1"/>
        <file name="index.js" path="D:\front-camp\learn-react-ssr\app\actions\index.js">
          <metrics statements="35" coveredstatements="12" conditionals="4" coveredconditionals="0" methods="25" coveredmethods="1"/>
          <line num="2" count="5" type="stmt"/>
          <line num="5" count="5" type="stmt"/>
          <line num="6" count="0" type="stmt"/>
          <line num="7" count="0" type="stmt"/>
          <line num="9" count="0" type="stmt"/>
          <line num="11" count="0" type="stmt"/>
          <line num="13" count="5" type="stmt"/>
          <line num="19" count="5" type="stmt"/>
          <line num="20" count="0" type="stmt"/>
          <line num="27" count="0" type="stmt"/>
          <line num="35" count="5" type="stmt"/>
          <line num="42" count="5" type="stmt"/>
          <line num="48" count="5" type="stmt"/>
          <line num="53" count="5" type="stmt"/>
          <line num="58" count="5" type="stmt"/>
          <line num="59" count="0" type="stmt"/>
          <line num="69" count="0" type="stmt"/>
          <line num="72" count="0" type="cond" truecount="0" falsecount="2"/>
          <line num="73" count="0" type="stmt"/>
          <line num="75" count="0" type="stmt"/>
          <line num="76" count="0" type="stmt"/>
          <line num="78" count="0" type="stmt"/>
          <line num="81" count="5" type="stmt"/>
          <line num="82" count="0" type="stmt"/>
          <line num="84" count="0" type="stmt"/>
          <line num="85" count="0" type="stmt"/>
          <line num="91" count="5" type="stmt"/>
          <line num="96" count="5" type="stmt"/>
          <line num="97" count="0" type="stmt"/>
          <line num="107" count="0" type="stmt"/>
          <line num="110" count="0" type="cond" truecount="0" falsecount="2"/>
          <line num="111" count="0" type="stmt"/>
          <line num="113" count="0" type="stmt"/>
          <line num="114" count="0" type="stmt"/>
          <line num="116" count="0" type="stmt"/>
        </file>
      </package>
      <package name="app.components">
        <metrics statements="21" coveredstatements="8" conditionals="8" coveredconditionals="5" methods="14" coveredmethods="5"/>
        <file name="articles.js" path="D:\front-camp\learn-react-ssr\app\components\articles.js">
          <metrics statements="6" coveredstatements="0" conditionals="0" coveredconditionals="0" methods="5" coveredmethods="0"/>
          <line num="7" count="0" type="stmt"/>
          <line num="11" count="0" type="stmt"/>
          <line num="15" count="0" type="stmt"/>
          <line num="19" count="0" type="stmt"/>
          <line num="20" count="0" type="stmt"/>
          <line num="27" count="0" type="stmt"/>
        </file>
        <file name="footer.js" path="D:\front-camp\learn-react-ssr\app\components\footer.js">
          <metrics statements="1" coveredstatements="1" conditionals="0" coveredconditionals="0" methods="1" coveredmethods="1"/>
          <line num="4" count="1" type="stmt"/>
        </file>
        <file name="header.js" path="D:\front-camp\learn-react-ssr\app\components\header.js">
          <metrics statements="6" coveredstatements="5" conditionals="4" coveredconditionals="4" methods="3" coveredmethods="2"/>
          <line num="7" count="2" type="stmt"/>
          <line num="8" count="2" type="stmt"/>
          <line num="40" count="0" type="stmt"/>
          <line num="61" count="2" type="stmt"/>
          <line num="65" count="2" type="stmt"/>
          <line num="69" count="2" type="stmt"/>
        </file>
        <file name="input.js" path="D:\front-camp\learn-react-ssr\app\components\input.js">
          <metrics statements="1" coveredstatements="1" conditionals="2" coveredconditionals="1" methods="1" coveredmethods="1"/>
          <line num="4" count="6" type="stmt"/>
        </file>
        <file name="link.js" path="D:\front-camp\learn-react-ssr\app\components\link.js">
          <metrics statements="5" coveredstatements="0" conditionals="2" coveredconditionals="0" methods="2" coveredmethods="0"/>
          <line num="3" count="0" type="cond" truecount="0" falsecount="2"/>
          <line num="4" count="0" type="stmt"/>
          <line num="10" count="0" type="stmt"/>
          <line num="15" count="0" type="stmt"/>
          <line num="16" count="0" type="stmt"/>
        </file>
        <file name="post.js" path="D:\front-camp\learn-react-ssr\app\components\post.js">
          <metrics statements="1" coveredstatements="1" conditionals="0" coveredconditionals="0" methods="1" coveredmethods="1"/>
          <line num="4" count="1" type="stmt"/>
        </file>
        <file name="sort.js" path="D:\front-camp\learn-react-ssr\app\components\sort.js">
          <metrics statements="1" coveredstatements="0" conditionals="0" coveredconditionals="0" methods="1" coveredmethods="0"/>
          <line num="6" count="0" type="stmt"/>
        </file>
      </package>
      <package name="app.containers">
        <metrics statements="14" coveredstatements="7" conditionals="4" coveredconditionals="0" methods="8" coveredmethods="0"/>
        <file name="sort-link.js" path="D:\front-camp\learn-react-ssr\app\containers\sort-link.js">
          <metrics statements="5" coveredstatements="3" conditionals="0" coveredconditionals="0" methods="3" coveredmethods="0"/>
          <line num="6" count="1" type="stmt"/>
          <line num="10" count="1" type="stmt"/>
          <line num="11" count="0" type="stmt"/>
          <line num="13" count="0" type="stmt"/>
          <line num="17" count="1" type="stmt"/>
        </file>
        <file name="visible-articles.js" path="D:\front-camp\learn-react-ssr\app\containers\visible-articles.js">
          <metrics statements="9" coveredstatements="4" conditionals="4" coveredconditionals="0" methods="5" coveredmethods="0"/>
          <line num="6" count="1" type="stmt"/>
          <line num="7" count="0" type="cond" truecount="0" falsecount="4"/>
          <line num="9" count="0" type="stmt"/>
          <line num="11" count="0" type="stmt"/>
          <line num="13" count="0" type="stmt"/>
          <line num="15" count="0" type="stmt"/>
          <line num="19" count="1" type="stmt"/>
          <line num="23" count="1" type="stmt"/>
          <line num="27" count="1" type="stmt"/>
        </file>
      </package>
      <package name="app.pages">
        <metrics statements="47" coveredstatements="17" conditionals="2" coveredconditionals="0" methods="16" coveredmethods="4"/>
        <file name="add-post.js" path="D:\front-camp\learn-react-ssr\app\pages\add-post.js">
          <metrics statements="18" coveredstatements="3" conditionals="2" coveredconditionals="0" methods="7" coveredmethods="0"/>
          <line num="9" count="0" type="stmt"/>
          <line num="10" count="0" type="stmt"/>
          <line num="21" count="0" type="stmt"/>
          <line num="22" count="0" type="stmt"/>
          <line num="26" count="0" type="stmt"/>
          <line num="27" count="0" type="stmt"/>
          <line num="28" count="0" type="stmt"/>
          <line num="30" count="0" type="stmt"/>
          <line num="39" count="0" type="stmt"/>
          <line num="41" count="0" type="stmt"/>
          <line num="42" count="0" type="stmt"/>
          <line num="43" count="0" type="stmt"/>
          <line num="45" count="0" type="stmt"/>
          <line num="58" count="0" type="stmt"/>
          <line num="60" count="0" type="stmt"/>
          <line num="148" count="1" type="stmt"/>
          <line num="152" count="1" type="stmt"/>
          <line num="156" count="1" type="stmt"/>
        </file>
        <file name="login.js" path="D:\front-camp\learn-react-ssr\app\pages\login.js">
          <metrics statements="14" coveredstatements="7" conditionals="0" coveredconditionals="0" methods="4" coveredmethods="2"/>
          <line num="9" count="1" type="stmt"/>
          <line num="10" count="1" type="stmt"/>
          <line num="16" count="1" type="stmt"/>
          <line num="17" count="1" type="stmt"/>
          <line num="21" count="0" type="stmt"/>
          <line num="22" count="0" type="stmt"/>
          <line num="23" count="0" type="stmt"/>
          <line num="25" count="0" type="stmt"/>
          <line num="34" count="0" type="stmt"/>
          <line num="35" count="0" type="stmt"/>
          <line num="37" count="0" type="stmt"/>
          <line num="46" count="1" type="stmt"/>
          <line num="77" count="2" type="stmt"/>
          <line num="81" count="2" type="stmt"/>
        </file>
        <file name="main.js" path="D:\front-camp\learn-react-ssr\app\pages\main.js">
          <metrics statements="1" coveredstatements="0" conditionals="0" coveredconditionals="0" methods="1" coveredmethods="0"/>
          <line num="7" count="0" type="stmt"/>
        </file>
        <file name="signup.js" path="D:\front-camp\learn-react-ssr\app\pages\signup.js">
          <metrics statements="14" coveredstatements="7" conditionals="0" coveredconditionals="0" methods="4" coveredmethods="2"/>
          <line num="9" count="2" type="stmt"/>
          <line num="10" count="2" type="stmt"/>
          <line num="16" count="2" type="stmt"/>
          <line num="17" count="2" type="stmt"/>
          <line num="21" count="0" type="stmt"/>
          <line num="22" count="0" type="stmt"/>
          <line num="23" count="0" type="stmt"/>
          <line num="25" count="0" type="stmt"/>
          <line num="34" count="0" type="stmt"/>
          <line num="35" count="0" type="stmt"/>
          <line num="37" count="0" type="stmt"/>
          <line num="46" count="2" type="stmt"/>
          <line num="77" count="2" type="stmt"/>
          <line num="81" count="2" type="stmt"/>
        </file>
      </package>
      <package name="app.reducers">
        <metrics statements="4" coveredstatements="3" conditionals="3" coveredconditionals="2" methods="1" coveredmethods="1"/>
        <file name="sort-articles.js" path="D:\front-camp\learn-react-ssr\app\reducers\sort-articles.js">
          <metrics statements="4" coveredstatements="3" conditionals="3" coveredconditionals="2" methods="1" coveredmethods="1"/>
          <line num="1" count="1" type="cond" truecount="1" falsecount="0"/>
          <line num="2" count="1" type="cond" truecount="1" falsecount="1"/>
          <line num="4" count="0" type="stmt"/>
          <line num="6" count="1" type="stmt"/>
        </file>
      </package>
      <package name="helpers">
        <metrics statements="8" coveredstatements="4" conditionals="0" coveredconditionals="0" methods="2" coveredmethods="0"/>
        <file name="index.js" path="D:\front-camp\learn-react-ssr\helpers\index.js">
          <metrics statements="8" coveredstatements="4" conditionals="0" coveredconditionals="0" methods="2" coveredmethods="0"/>
          <line num="1" count="5" type="stmt"/>
          <line num="3" count="5" type="stmt"/>
          <line num="4" count="0" type="stmt"/>
          <line num="11" count="5" type="stmt"/>
          <line num="12" count="0" type="stmt"/>
          <line num="13" count="0" type="stmt"/>
          <line num="14" count="0" type="stmt"/>
          <line num="17" count="5" type="stmt"/>
        </file>
      </package>
      <package name="test">
        <metrics statements="4" coveredstatements="4" conditionals="0" coveredconditionals="0" methods="0" coveredmethods="0"/>
        <file name="jestsetup.js" path="D:\front-camp\learn-react-ssr\test\jestsetup.js">
          <metrics statements="4" coveredstatements="4" conditionals="0" coveredconditionals="0" methods="0" coveredmethods="0"/>
          <line num="4" count="8" type="stmt"/>
          <line num="6" count="8" type="stmt"/>
          <line num="7" count="8" type="stmt"/>
          <line num="8" count="8" type="stmt"/>
        </file>
      </package>
    </metrics>
  </project>
</coverage>
