{"D:\\front-camp\\learn-react-ssr\\app\\App.js": {"path":"D:\\front-camp\\learn-react-ssr\\app\\App.js","statementMap":{"0":{"start":{"line":11,"column":12},"end":{"line":21,"column":1}},"1":{"start":{"line":12,"column":2},"end":{"line":20,"column":13}}},"fnMap":{"0":{"name":"(anonymous_0)","decl":{"start":{"line":11,"column":12},"end":{"line":11,"column":13}},"loc":{"start":{"line":12,"column":2},"end":{"line":20,"column":13}},"line":12}},"branchMap":{},"s":{"0":1,"1":1},"f":{"0":1},"b":{},"_coverageSchema":"332fd63041d2c1bcb487cc26dd0d5f7d97098a6c","hash":"ad28325401b2cd3f8bd63df16611ce16ff67a4fa"}
,"D:\\front-camp\\learn-react-ssr\\app\\routes.js": {"path":"D:\\front-camp\\learn-react-ssr\\app\\routes.js","statementMap":{},"fnMap":{},"branchMap":{},"s":{},"f":{},"b":{},"_coverageSchema":"332fd63041d2c1bcb487cc26dd0d5f7d97098a6c","hash":"ea7998376a1236c03903b759510025274b5c29e4"}
,"D:\\front-camp\\learn-react-ssr\\app\\actions\\index.js": {"path":"D:\\front-camp\\learn-react-ssr\\app\\actions\\index.js","statementMap":{"0":{"start":{"line":2,"column":12},"end":{"line":2,"column":42}},"1":{"start":{"line":5,"column":31},"end":{"line":11,"column":41}},"2":{"start":{"line":5,"column":37},"end":{"line":11,"column":41}},"3":{"start":{"line":6,"column":2},"end":{"line":11,"column":41}},"4":{"start":{"line":7,"column":17},"end":{"line":7,"column":27}},"5":{"start":{"line":9,"column":6},"end":{"line":9,"column":42}},"6":{"start":{"line":11,"column":20},"end":{"line":11,"column":40}},"7":{"start":{"line":13,"column":31},"end":{"line":16,"column":2}},"8":{"start":{"line":13,"column":44},"end":{"line":16,"column":1}},"9":{"start":{"line":19,"column":24},"end":{"line":27,"column":41}},"10":{"start":{"line":20,"column":2},"end":{"line":27,"column":41}},"11":{"start":{"line":27,"column":20},"end":{"line":27,"column":40}},"12":{"start":{"line":35,"column":28},"end":{"line":40,"column":1}},"13":{"start":{"line":42,"column":31},"end":{"line":45,"column":2}},"14":{"start":{"line":42,"column":40},"end":{"line":45,"column":1}},"15":{"start":{"line":48,"column":21},"end":{"line":51,"column":2}},"16":{"start":{"line":48,"column":31},"end":{"line":51,"column":1}},"17":{"start":{"line":53,"column":22},"end":{"line":56,"column":2}},"18":{"start":{"line":53,"column":33},"end":{"line":56,"column":1}},"19":{"start":{"line":58,"column":27},"end":{"line":79,"column":1}},"20":{"start":{"line":58,"column":50},"end":{"line":79,"column":1}},"21":{"start":{"line":59,"column":2},"end":{"line":78,"column":42}},"22":{"start":{"line":69,"column":6},"end":{"line":69,"column":29}},"23":{"start":{"line":72,"column":6},"end":{"line":74,"column":7}},"24":{"start":{"line":73,"column":8},"end":{"line":73,"column":41}},"25":{"start":{"line":75,"column":6},"end":{"line":75,"column":28}},"26":{"start":{"line":76,"column":6},"end":{"line":76,"column":31}},"27":{"start":{"line":78,"column":20},"end":{"line":78,"column":40}},"28":{"start":{"line":81,"column":28},"end":{"line":88,"column":1}},"29":{"start":{"line":81,"column":39},"end":{"line":88,"column":1}},"30":{"start":{"line":82,"column":2},"end":{"line":87,"column":4}},"31":{"start":{"line":84,"column":6},"end":{"line":84,"column":29}},"32":{"start":{"line":85,"column":6},"end":{"line":85,"column":31}},"33":{"start":{"line":91,"column":22},"end":{"line":94,"column":2}},"34":{"start":{"line":91,"column":33},"end":{"line":94,"column":1}},"35":{"start":{"line":96,"column":28},"end":{"line":117,"column":1}},"36":{"start":{"line":96,"column":51},"end":{"line":117,"column":1}},"37":{"start":{"line":97,"column":2},"end":{"line":116,"column":42}},"38":{"start":{"line":107,"column":6},"end":{"line":107,"column":29}},"39":{"start":{"line":110,"column":6},"end":{"line":112,"column":7}},"40":{"start":{"line":111,"column":8},"end":{"line":111,"column":41}},"41":{"start":{"line":113,"column":6},"end":{"line":113,"column":29}},"42":{"start":{"line":114,"column":6},"end":{"line":114,"column":31}},"43":{"start":{"line":116,"column":20},"end":{"line":116,"column":40}}},"fnMap":{"0":{"name":"(anonymous_0)","decl":{"start":{"line":5,"column":31},"end":{"line":5,"column":32}},"loc":{"start":{"line":5,"column":37},"end":{"line":11,"column":41}},"line":5},"1":{"name":"(anonymous_1)","decl":{"start":{"line":5,"column":37},"end":{"line":5,"column":38}},"loc":{"start":{"line":6,"column":2},"end":{"line":11,"column":41}},"line":6},"2":{"name":"(anonymous_2)","decl":{"start":{"line":7,"column":10},"end":{"line":7,"column":11}},"loc":{"start":{"line":7,"column":17},"end":{"line":7,"column":27}},"line":7},"3":{"name":"(anonymous_3)","decl":{"start":{"line":8,"column":10},"end":{"line":8,"column":11}},"loc":{"start":{"line":8,"column":22},"end":{"line":10,"column":5}},"line":8},"4":{"name":"(anonymous_4)","decl":{"start":{"line":11,"column":11},"end":{"line":11,"column":12}},"loc":{"start":{"line":11,"column":20},"end":{"line":11,"column":40}},"line":11},"5":{"name":"(anonymous_5)","decl":{"start":{"line":13,"column":31},"end":{"line":13,"column":32}},"loc":{"start":{"line":13,"column":44},"end":{"line":16,"column":1}},"line":13},"6":{"name":"(anonymous_6)","decl":{"start":{"line":19,"column":24},"end":{"line":19,"column":25}},"loc":{"start":{"line":20,"column":2},"end":{"line":27,"column":41}},"line":20},"7":{"name":"(anonymous_7)","decl":{"start":{"line":27,"column":11},"end":{"line":27,"column":12}},"loc":{"start":{"line":27,"column":20},"end":{"line":27,"column":40}},"line":27},"8":{"name":"(anonymous_8)","decl":{"start":{"line":42,"column":31},"end":{"line":42,"column":32}},"loc":{"start":{"line":42,"column":40},"end":{"line":45,"column":1}},"line":42},"9":{"name":"(anonymous_9)","decl":{"start":{"line":48,"column":21},"end":{"line":48,"column":22}},"loc":{"start":{"line":48,"column":31},"end":{"line":51,"column":1}},"line":48},"10":{"name":"(anonymous_10)","decl":{"start":{"line":53,"column":22},"end":{"line":53,"column":23}},"loc":{"start":{"line":53,"column":33},"end":{"line":56,"column":1}},"line":53},"11":{"name":"(anonymous_11)","decl":{"start":{"line":58,"column":27},"end":{"line":58,"column":28}},"loc":{"start":{"line":58,"column":50},"end":{"line":79,"column":1}},"line":58},"12":{"name":"(anonymous_12)","decl":{"start":{"line":58,"column":50},"end":{"line":58,"column":51}},"loc":{"start":{"line":58,"column":62},"end":{"line":79,"column":1}},"line":58},"13":{"name":"(anonymous_13)","decl":{"start":{"line":68,"column":10},"end":{"line":68,"column":11}},"loc":{"start":{"line":68,"column":22},"end":{"line":70,"column":5}},"line":68},"14":{"name":"(anonymous_14)","decl":{"start":{"line":71,"column":10},"end":{"line":71,"column":11}},"loc":{"start":{"line":71,"column":18},"end":{"line":77,"column":5}},"line":71},"15":{"name":"(anonymous_15)","decl":{"start":{"line":78,"column":11},"end":{"line":78,"column":12}},"loc":{"start":{"line":78,"column":20},"end":{"line":78,"column":40}},"line":78},"16":{"name":"(anonymous_16)","decl":{"start":{"line":81,"column":28},"end":{"line":81,"column":29}},"loc":{"start":{"line":81,"column":39},"end":{"line":88,"column":1}},"line":81},"17":{"name":"(anonymous_17)","decl":{"start":{"line":81,"column":39},"end":{"line":81,"column":40}},"loc":{"start":{"line":81,"column":51},"end":{"line":88,"column":1}},"line":81},"18":{"name":"(anonymous_18)","decl":{"start":{"line":83,"column":4},"end":{"line":83,"column":5}},"loc":{"start":{"line":83,"column":10},"end":{"line":86,"column":5}},"line":83},"19":{"name":"(anonymous_19)","decl":{"start":{"line":91,"column":22},"end":{"line":91,"column":23}},"loc":{"start":{"line":91,"column":33},"end":{"line":94,"column":1}},"line":91},"20":{"name":"(anonymous_20)","decl":{"start":{"line":96,"column":28},"end":{"line":96,"column":29}},"loc":{"start":{"line":96,"column":51},"end":{"line":117,"column":1}},"line":96},"21":{"name":"(anonymous_21)","decl":{"start":{"line":96,"column":51},"end":{"line":96,"column":52}},"loc":{"start":{"line":96,"column":63},"end":{"line":117,"column":1}},"line":96},"22":{"name":"(anonymous_22)","decl":{"start":{"line":106,"column":10},"end":{"line":106,"column":11}},"loc":{"start":{"line":106,"column":22},"end":{"line":108,"column":5}},"line":106},"23":{"name":"(anonymous_23)","decl":{"start":{"line":109,"column":10},"end":{"line":109,"column":11}},"loc":{"start":{"line":109,"column":18},"end":{"line":115,"column":5}},"line":109},"24":{"name":"(anonymous_24)","decl":{"start":{"line":116,"column":11},"end":{"line":116,"column":12}},"loc":{"start":{"line":116,"column":20},"end":{"line":116,"column":40}},"line":116}},"branchMap":{"0":{"loc":{"start":{"line":72,"column":6},"end":{"line":74,"column":7}},"type":"if","locations":[{"start":{"line":72,"column":6},"end":{"line":74,"column":7}},{"start":{"line":72,"column":6},"end":{"line":74,"column":7}}],"line":72},"1":{"loc":{"start":{"line":110,"column":6},"end":{"line":112,"column":7}},"type":"if","locations":[{"start":{"line":110,"column":6},"end":{"line":112,"column":7}},{"start":{"line":110,"column":6},"end":{"line":112,"column":7}}],"line":110}},"s":{"0":5,"1":5,"2":0,"3":0,"4":0,"5":0,"6":0,"7":5,"8":1,"9":5,"10":0,"11":0,"12":5,"13":5,"14":0,"15":5,"16":0,"17":5,"18":0,"19":5,"20":0,"21":0,"22":0,"23":0,"24":0,"25":0,"26":0,"27":0,"28":5,"29":0,"30":0,"31":0,"32":0,"33":5,"34":0,"35":5,"36":0,"37":0,"38":0,"39":0,"40":0,"41":0,"42":0,"43":0},"f":{"0":0,"1":0,"2":0,"3":0,"4":0,"5":1,"6":0,"7":0,"8":0,"9":0,"10":0,"11":0,"12":0,"13":0,"14":0,"15":0,"16":0,"17":0,"18":0,"19":0,"20":0,"21":0,"22":0,"23":0,"24":0},"b":{"0":[0,0],"1":[0,0]},"_coverageSchema":"332fd63041d2c1bcb487cc26dd0d5f7d97098a6c","hash":"fa0d7c285ca4e546b87e053af4fe3b72e6fc7784"}
,"D:\\front-camp\\learn-react-ssr\\app\\components\\articles.js": {"path":"D:\\front-camp\\learn-react-ssr\\app\\components\\articles.js","statementMap":{"0":{"start":{"line":7,"column":4},"end":{"line":7,"column":17}},"1":{"start":{"line":11,"column":4},"end":{"line":11,"column":39}},"2":{"start":{"line":15,"column":4},"end":{"line":15,"column":33}},"3":{"start":{"line":19,"column":25},"end":{"line":19,"column":35}},"4":{"start":{"line":20,"column":4},"end":{"line":30,"column":6}},"5":{"start":{"line":27,"column":41},"end":{"line":27,"column":73}}},"fnMap":{"0":{"name":"(anonymous_0)","decl":{"start":{"line":6,"column":2},"end":{"line":6,"column":3}},"loc":{"start":{"line":6,"column":21},"end":{"line":8,"column":3}},"line":6},"1":{"name":"(anonymous_1)","decl":{"start":{"line":10,"column":2},"end":{"line":10,"column":3}},"loc":{"start":{"line":10,"column":27},"end":{"line":12,"column":3}},"line":10},"2":{"name":"(anonymous_2)","decl":{"start":{"line":14,"column":2},"end":{"line":14,"column":3}},"loc":{"start":{"line":14,"column":22},"end":{"line":16,"column":3}},"line":14},"3":{"name":"(anonymous_3)","decl":{"start":{"line":18,"column":2},"end":{"line":18,"column":3}},"loc":{"start":{"line":18,"column":11},"end":{"line":31,"column":3}},"line":18},"4":{"name":"(anonymous_4)","decl":{"start":{"line":27,"column":24},"end":{"line":27,"column":25}},"loc":{"start":{"line":27,"column":41},"end":{"line":27,"column":73}},"line":27}},"branchMap":{},"s":{"0":0,"1":0,"2":0,"3":0,"4":0,"5":0},"f":{"0":0,"1":0,"2":0,"3":0,"4":0},"b":{},"_coverageSchema":"332fd63041d2c1bcb487cc26dd0d5f7d97098a6c","hash":"bc3e6b040ae3309c500989924f6a89caf2dc11b4"}
,"D:\\front-camp\\learn-react-ssr\\app\\components\\footer.js": {"path":"D:\\front-camp\\learn-react-ssr\\app\\components\\footer.js","statementMap":{"0":{"start":{"line":4,"column":2},"end":{"line":16,"column":11}}},"fnMap":{"0":{"name":"(anonymous_0)","decl":{"start":{"line":3,"column":15},"end":{"line":3,"column":16}},"loc":{"start":{"line":4,"column":2},"end":{"line":16,"column":11}},"line":4}},"branchMap":{},"s":{"0":1},"f":{"0":1},"b":{},"_coverageSchema":"332fd63041d2c1bcb487cc26dd0d5f7d97098a6c","hash":"4a3a98383aab8bb1298bd899ad84c96be7bdd5cb"}
,"D:\\front-camp\\learn-react-ssr\\app\\components\\header.js": {"path":"D:\\front-camp\\learn-react-ssr\\app\\components\\header.js","statementMap":{"0":{"start":{"line":7,"column":13},"end":{"line":59,"column":1}},"1":{"start":{"line":8,"column":2},"end":{"line":58,"column":13}},"2":{"start":{"line":40,"column":29},"end":{"line":40,"column":50}},"3":{"start":{"line":61,"column":24},"end":{"line":63,"column":2}},"4":{"start":{"line":61,"column":34},"end":{"line":63,"column":1}},"5":{"start":{"line":65,"column":27},"end":{"line":67,"column":1}},"6":{"start":{"line":69,"column":0},"end":{"line":69,"column":62}}},"fnMap":{"0":{"name":"(anonymous_0)","decl":{"start":{"line":7,"column":13},"end":{"line":7,"column":14}},"loc":{"start":{"line":8,"column":2},"end":{"line":58,"column":13}},"line":8},"1":{"name":"(anonymous_1)","decl":{"start":{"line":40,"column":23},"end":{"line":40,"column":24}},"loc":{"start":{"line":40,"column":29},"end":{"line":40,"column":50}},"line":40},"2":{"name":"(anonymous_2)","decl":{"start":{"line":61,"column":24},"end":{"line":61,"column":25}},"loc":{"start":{"line":61,"column":34},"end":{"line":63,"column":1}},"line":61}},"branchMap":{"0":{"loc":{"start":{"line":22,"column":9},"end":{"line":33,"column":9}},"type":"cond-expr","locations":[{"start":{"line":23,"column":10},"end":{"line":23,"column":12}},{"start":{"line":25,"column":10},"end":{"line":32,"column":21}}],"line":22},"1":{"loc":{"start":{"line":35,"column":7},"end":{"line":48,"column":7}},"type":"cond-expr","locations":[{"start":{"line":36,"column":8},"end":{"line":45,"column":14}},{"start":{"line":47,"column":8},"end":{"line":47,"column":10}}],"line":35}},"s":{"0":2,"1":2,"2":0,"3":2,"4":2,"5":2,"6":2},"f":{"0":2,"1":0,"2":2},"b":{"0":[1,1],"1":[1,1]},"_coverageSchema":"332fd63041d2c1bcb487cc26dd0d5f7d97098a6c","hash":"4efe66bbf68374f50425a4fd53f81eff7c64f04c"}
,"D:\\front-camp\\learn-react-ssr\\app\\components\\input.js": {"path":"D:\\front-camp\\learn-react-ssr\\app\\components\\input.js","statementMap":{"0":{"start":{"line":4,"column":2},"end":{"line":16,"column":8}}},"fnMap":{"0":{"name":"(anonymous_0)","decl":{"start":{"line":3,"column":15},"end":{"line":3,"column":16}},"loc":{"start":{"line":4,"column":2},"end":{"line":16,"column":8}},"line":4}},"branchMap":{"0":{"loc":{"start":{"line":3,"column":18},"end":{"line":3,"column":31}},"type":"default-arg","locations":[{"start":{"line":3,"column":25},"end":{"line":3,"column":31}}],"line":3},"1":{"loc":{"start":{"line":3,"column":46},"end":{"line":3,"column":56}},"type":"default-arg","locations":[{"start":{"line":3,"column":54},"end":{"line":3,"column":56}}],"line":3}},"s":{"0":6},"f":{"0":6},"b":{"0":[3],"1":[0]},"_coverageSchema":"332fd63041d2c1bcb487cc26dd0d5f7d97098a6c","hash":"5c397d46d5ed2b762ea0d290c18a2f9227fe0629"}
,"D:\\front-camp\\learn-react-ssr\\app\\components\\link.js": {"path":"D:\\front-camp\\learn-react-ssr\\app\\components\\link.js","statementMap":{"0":{"start":{"line":3,"column":2},"end":{"line":9,"column":3}},"1":{"start":{"line":4,"column":4},"end":{"line":8,"column":6}},"2":{"start":{"line":10,"column":2},"end":{"line":22,"column":4}},"3":{"start":{"line":15,"column":10},"end":{"line":15,"column":29}},"4":{"start":{"line":16,"column":10},"end":{"line":16,"column":20}}},"fnMap":{"0":{"name":"(anonymous_0)","decl":{"start":{"line":2,"column":15},"end":{"line":2,"column":16}},"loc":{"start":{"line":2,"column":50},"end":{"line":23,"column":1}},"line":2},"1":{"name":"(anonymous_1)","decl":{"start":{"line":14,"column":17},"end":{"line":14,"column":18}},"loc":{"start":{"line":14,"column":22},"end":{"line":17,"column":9}},"line":14}},"branchMap":{"0":{"loc":{"start":{"line":3,"column":2},"end":{"line":9,"column":3}},"type":"if","locations":[{"start":{"line":3,"column":2},"end":{"line":9,"column":3}},{"start":{"line":3,"column":2},"end":{"line":9,"column":3}}],"line":3}},"s":{"0":0,"1":0,"2":0,"3":0,"4":0},"f":{"0":0,"1":0},"b":{"0":[0,0]},"_coverageSchema":"332fd63041d2c1bcb487cc26dd0d5f7d97098a6c","hash":"64d5d27d63d74ab08b7ee7d8d8d9455fdb81f388"}
,"D:\\front-camp\\learn-react-ssr\\app\\components\\post.js": {"path":"D:\\front-camp\\learn-react-ssr\\app\\components\\post.js","statementMap":{"0":{"start":{"line":4,"column":2},"end":{"line":20,"column":12}}},"fnMap":{"0":{"name":"(anonymous_0)","decl":{"start":{"line":3,"column":15},"end":{"line":3,"column":16}},"loc":{"start":{"line":4,"column":2},"end":{"line":20,"column":12}},"line":4}},"branchMap":{},"s":{"0":1},"f":{"0":1},"b":{},"_coverageSchema":"332fd63041d2c1bcb487cc26dd0d5f7d97098a6c","hash":"1f202c463ee7c292f3fda4cb87559ca851d0f866"}
,"D:\\front-camp\\learn-react-ssr\\app\\components\\sort.js": {"path":"D:\\front-camp\\learn-react-ssr\\app\\components\\sort.js","statementMap":{"0":{"start":{"line":6,"column":2},"end":{"line":13,"column":8}}},"fnMap":{"0":{"name":"(anonymous_0)","decl":{"start":{"line":5,"column":15},"end":{"line":5,"column":16}},"loc":{"start":{"line":6,"column":2},"end":{"line":13,"column":8}},"line":6}},"branchMap":{},"s":{"0":0},"f":{"0":0},"b":{},"_coverageSchema":"332fd63041d2c1bcb487cc26dd0d5f7d97098a6c","hash":"5033f99281ca42559af992a33c541ad067db1e73"}
,"D:\\front-camp\\learn-react-ssr\\app\\containers\\sort-link.js": {"path":"D:\\front-camp\\learn-react-ssr\\app\\containers\\sort-link.js","statementMap":{"0":{"start":{"line":6,"column":24},"end":{"line":8,"column":2}},"1":{"start":{"line":6,"column":46},"end":{"line":8,"column":1}},"2":{"start":{"line":10,"column":27},"end":{"line":16,"column":1}},"3":{"start":{"line":11,"column":2},"end":{"line":15,"column":4}},"4":{"start":{"line":13,"column":6},"end":{"line":13,"column":47}},"5":{"start":{"line":17,"column":17},"end":{"line":17,"column":79}}},"fnMap":{"0":{"name":"(anonymous_0)","decl":{"start":{"line":6,"column":24},"end":{"line":6,"column":25}},"loc":{"start":{"line":6,"column":46},"end":{"line":8,"column":1}},"line":6},"1":{"name":"(anonymous_1)","decl":{"start":{"line":10,"column":27},"end":{"line":10,"column":28}},"loc":{"start":{"line":10,"column":51},"end":{"line":16,"column":1}},"line":10},"2":{"name":"(anonymous_2)","decl":{"start":{"line":12,"column":13},"end":{"line":12,"column":14}},"loc":{"start":{"line":12,"column":19},"end":{"line":14,"column":5}},"line":12}},"branchMap":{},"s":{"0":1,"1":0,"2":1,"3":0,"4":0,"5":1},"f":{"0":0,"1":0,"2":0},"b":{},"_coverageSchema":"332fd63041d2c1bcb487cc26dd0d5f7d97098a6c","hash":"1340da4aa725d896b1f734c857f5547262a56948"}
,"D:\\front-camp\\learn-react-ssr\\app\\containers\\visible-articles.js": {"path":"D:\\front-camp\\learn-react-ssr\\app\\containers\\visible-articles.js","statementMap":{"0":{"start":{"line":6,"column":27},"end":{"line":17,"column":1}},"1":{"start":{"line":7,"column":2},"end":{"line":16,"column":3}},"2":{"start":{"line":9,"column":6},"end":{"line":9,"column":22}},"3":{"start":{"line":11,"column":6},"end":{"line":11,"column":62}},"4":{"start":{"line":11,"column":37},"end":{"line":11,"column":60}},"5":{"start":{"line":13,"column":6},"end":{"line":13,"column":65}},"6":{"start":{"line":13,"column":37},"end":{"line":13,"column":63}},"7":{"start":{"line":15,"column":6},"end":{"line":15,"column":61}},"8":{"start":{"line":15,"column":37},"end":{"line":15,"column":59}},"9":{"start":{"line":19,"column":24},"end":{"line":21,"column":2}},"10":{"start":{"line":19,"column":34},"end":{"line":21,"column":1}},"11":{"start":{"line":23,"column":27},"end":{"line":25,"column":1}},"12":{"start":{"line":27,"column":24},"end":{"line":29,"column":1}}},"fnMap":{"0":{"name":"(anonymous_0)","decl":{"start":{"line":6,"column":27},"end":{"line":6,"column":28}},"loc":{"start":{"line":6,"column":47},"end":{"line":17,"column":1}},"line":6},"1":{"name":"(anonymous_1)","decl":{"start":{"line":11,"column":29},"end":{"line":11,"column":30}},"loc":{"start":{"line":11,"column":37},"end":{"line":11,"column":60}},"line":11},"2":{"name":"(anonymous_2)","decl":{"start":{"line":13,"column":29},"end":{"line":13,"column":30}},"loc":{"start":{"line":13,"column":37},"end":{"line":13,"column":63}},"line":13},"3":{"name":"(anonymous_3)","decl":{"start":{"line":15,"column":29},"end":{"line":15,"column":30}},"loc":{"start":{"line":15,"column":37},"end":{"line":15,"column":59}},"line":15},"4":{"name":"(anonymous_4)","decl":{"start":{"line":19,"column":24},"end":{"line":19,"column":25}},"loc":{"start":{"line":19,"column":34},"end":{"line":21,"column":1}},"line":19}},"branchMap":{"0":{"loc":{"start":{"line":7,"column":2},"end":{"line":16,"column":3}},"type":"switch","locations":[{"start":{"line":8,"column":4},"end":{"line":9,"column":22}},{"start":{"line":10,"column":4},"end":{"line":11,"column":62}},{"start":{"line":12,"column":4},"end":{"line":13,"column":65}},{"start":{"line":14,"column":4},"end":{"line":15,"column":61}}],"line":7}},"s":{"0":1,"1":0,"2":0,"3":0,"4":0,"5":0,"6":0,"7":0,"8":0,"9":1,"10":0,"11":1,"12":1},"f":{"0":0,"1":0,"2":0,"3":0,"4":0},"b":{"0":[0,0,0,0]},"_coverageSchema":"332fd63041d2c1bcb487cc26dd0d5f7d97098a6c","hash":"ed896213d72e245d110729bae1ef65b25c8135c4"}
,"D:\\front-camp\\learn-react-ssr\\app\\pages\\add-post.js": {"path":"D:\\front-camp\\learn-react-ssr\\app\\pages\\add-post.js","statementMap":{"0":{"start":{"line":9,"column":4},"end":{"line":9,"column":17}},"1":{"start":{"line":10,"column":4},"end":{"line":20,"column":6}},"2":{"start":{"line":21,"column":4},"end":{"line":21,"column":53}},"3":{"start":{"line":22,"column":4},"end":{"line":22,"column":53}},"4":{"start":{"line":26,"column":19},"end":{"line":26,"column":31}},"5":{"start":{"line":27,"column":18},"end":{"line":27,"column":30}},"6":{"start":{"line":28,"column":17},"end":{"line":28,"column":28}},"7":{"start":{"line":30,"column":4},"end":{"line":35,"column":7}},"8":{"start":{"line":39,"column":4},"end":{"line":39,"column":23}},"9":{"start":{"line":41,"column":4},"end":{"line":43,"column":44}},"10":{"start":{"line":42,"column":18},"end":{"line":42,"column":46}},"11":{"start":{"line":43,"column":22},"end":{"line":43,"column":42}},"12":{"start":{"line":45,"column":4},"end":{"line":54,"column":7}},"13":{"start":{"line":58,"column":23},"end":{"line":58,"column":33}},"14":{"start":{"line":60,"column":4},"end":{"line":144,"column":6}},"15":{"start":{"line":148,"column":24},"end":{"line":150,"column":2}},"16":{"start":{"line":148,"column":34},"end":{"line":150,"column":1}},"17":{"start":{"line":152,"column":27},"end":{"line":154,"column":1}},"18":{"start":{"line":156,"column":0},"end":{"line":156,"column":76}}},"fnMap":{"0":{"name":"(anonymous_0)","decl":{"start":{"line":8,"column":2},"end":{"line":8,"column":3}},"loc":{"start":{"line":8,"column":21},"end":{"line":23,"column":3}},"line":8},"1":{"name":"(anonymous_1)","decl":{"start":{"line":25,"column":2},"end":{"line":25,"column":3}},"loc":{"start":{"line":25,"column":22},"end":{"line":36,"column":3}},"line":25},"2":{"name":"(anonymous_2)","decl":{"start":{"line":38,"column":2},"end":{"line":38,"column":3}},"loc":{"start":{"line":38,"column":18},"end":{"line":55,"column":3}},"line":38},"3":{"name":"(anonymous_3)","decl":{"start":{"line":42,"column":12},"end":{"line":42,"column":13}},"loc":{"start":{"line":42,"column":18},"end":{"line":42,"column":46}},"line":42},"4":{"name":"(anonymous_4)","decl":{"start":{"line":43,"column":13},"end":{"line":43,"column":14}},"loc":{"start":{"line":43,"column":22},"end":{"line":43,"column":42}},"line":43},"5":{"name":"(anonymous_5)","decl":{"start":{"line":57,"column":2},"end":{"line":57,"column":3}},"loc":{"start":{"line":57,"column":11},"end":{"line":145,"column":3}},"line":57},"6":{"name":"(anonymous_6)","decl":{"start":{"line":148,"column":24},"end":{"line":148,"column":25}},"loc":{"start":{"line":148,"column":34},"end":{"line":150,"column":1}},"line":148}},"branchMap":{"0":{"loc":{"start":{"line":64,"column":13},"end":{"line":139,"column":13}},"type":"cond-expr","locations":[{"start":{"line":65,"column":14},"end":{"line":119,"column":21}},{"start":{"line":121,"column":14},"end":{"line":138,"column":25}}],"line":64}},"s":{"0":0,"1":0,"2":0,"3":0,"4":0,"5":0,"6":0,"7":0,"8":0,"9":0,"10":0,"11":0,"12":0,"13":0,"14":0,"15":1,"16":0,"17":1,"18":1},"f":{"0":0,"1":0,"2":0,"3":0,"4":0,"5":0,"6":0},"b":{"0":[0,0]},"_coverageSchema":"332fd63041d2c1bcb487cc26dd0d5f7d97098a6c","hash":"e03a9cf4ee7509a4abec9fa8bcd8fc6607459aeb"}
,"D:\\front-camp\\learn-react-ssr\\app\\pages\\login.js": {"path":"D:\\front-camp\\learn-react-ssr\\app\\pages\\login.js","statementMap":{"0":{"start":{"line":9,"column":4},"end":{"line":9,"column":17}},"1":{"start":{"line":10,"column":4},"end":{"line":15,"column":6}},"2":{"start":{"line":16,"column":4},"end":{"line":16,"column":53}},"3":{"start":{"line":17,"column":4},"end":{"line":17,"column":53}},"4":{"start":{"line":21,"column":19},"end":{"line":21,"column":31}},"5":{"start":{"line":22,"column":18},"end":{"line":22,"column":30}},"6":{"start":{"line":23,"column":17},"end":{"line":23,"column":28}},"7":{"start":{"line":25,"column":4},"end":{"line":30,"column":7}},"8":{"start":{"line":34,"column":4},"end":{"line":34,"column":23}},"9":{"start":{"line":35,"column":4},"end":{"line":35,"column":64}},"10":{"start":{"line":37,"column":4},"end":{"line":42,"column":7}},"11":{"start":{"line":46,"column":4},"end":{"line":73,"column":6}},"12":{"start":{"line":77,"column":27},"end":{"line":79,"column":1}},"13":{"start":{"line":81,"column":0},"end":{"line":81,"column":61}}},"fnMap":{"0":{"name":"(anonymous_0)","decl":{"start":{"line":8,"column":2},"end":{"line":8,"column":3}},"loc":{"start":{"line":8,"column":21},"end":{"line":18,"column":3}},"line":8},"1":{"name":"(anonymous_1)","decl":{"start":{"line":20,"column":2},"end":{"line":20,"column":3}},"loc":{"start":{"line":20,"column":22},"end":{"line":31,"column":3}},"line":20},"2":{"name":"(anonymous_2)","decl":{"start":{"line":33,"column":2},"end":{"line":33,"column":3}},"loc":{"start":{"line":33,"column":18},"end":{"line":43,"column":3}},"line":33},"3":{"name":"(anonymous_3)","decl":{"start":{"line":45,"column":2},"end":{"line":45,"column":3}},"loc":{"start":{"line":45,"column":11},"end":{"line":74,"column":3}},"line":45}},"branchMap":{},"s":{"0":1,"1":1,"2":1,"3":1,"4":0,"5":0,"6":0,"7":0,"8":0,"9":0,"10":0,"11":1,"12":2,"13":2},"f":{"0":1,"1":0,"2":0,"3":1},"b":{},"_coverageSchema":"332fd63041d2c1bcb487cc26dd0d5f7d97098a6c","hash":"c5ae90a9b93b2b084e5d9ca115ff8f1fc37c7b22"}
,"D:\\front-camp\\learn-react-ssr\\app\\pages\\main.js": {"path":"D:\\front-camp\\learn-react-ssr\\app\\pages\\main.js","statementMap":{"0":{"start":{"line":7,"column":2},"end":{"line":10,"column":13}}},"fnMap":{"0":{"name":"(anonymous_0)","decl":{"start":{"line":6,"column":15},"end":{"line":6,"column":16}},"loc":{"start":{"line":7,"column":2},"end":{"line":10,"column":13}},"line":7}},"branchMap":{},"s":{"0":0},"f":{"0":0},"b":{},"_coverageSchema":"332fd63041d2c1bcb487cc26dd0d5f7d97098a6c","hash":"85fe237dd54d0f885d92c5f13a8bf301a0c88759"}
,"D:\\front-camp\\learn-react-ssr\\app\\pages\\signup.js": {"path":"D:\\front-camp\\learn-react-ssr\\app\\pages\\signup.js","statementMap":{"0":{"start":{"line":9,"column":4},"end":{"line":9,"column":17}},"1":{"start":{"line":10,"column":4},"end":{"line":15,"column":6}},"2":{"start":{"line":16,"column":4},"end":{"line":16,"column":53}},"3":{"start":{"line":17,"column":4},"end":{"line":17,"column":53}},"4":{"start":{"line":21,"column":19},"end":{"line":21,"column":31}},"5":{"start":{"line":22,"column":18},"end":{"line":22,"column":30}},"6":{"start":{"line":23,"column":17},"end":{"line":23,"column":28}},"7":{"start":{"line":25,"column":4},"end":{"line":30,"column":7}},"8":{"start":{"line":34,"column":4},"end":{"line":34,"column":23}},"9":{"start":{"line":35,"column":4},"end":{"line":35,"column":65}},"10":{"start":{"line":37,"column":4},"end":{"line":42,"column":7}},"11":{"start":{"line":46,"column":4},"end":{"line":73,"column":6}},"12":{"start":{"line":77,"column":27},"end":{"line":79,"column":1}},"13":{"start":{"line":81,"column":0},"end":{"line":81,"column":63}}},"fnMap":{"0":{"name":"(anonymous_0)","decl":{"start":{"line":8,"column":2},"end":{"line":8,"column":3}},"loc":{"start":{"line":8,"column":21},"end":{"line":18,"column":3}},"line":8},"1":{"name":"(anonymous_1)","decl":{"start":{"line":20,"column":2},"end":{"line":20,"column":3}},"loc":{"start":{"line":20,"column":22},"end":{"line":31,"column":3}},"line":20},"2":{"name":"(anonymous_2)","decl":{"start":{"line":33,"column":2},"end":{"line":33,"column":3}},"loc":{"start":{"line":33,"column":18},"end":{"line":43,"column":3}},"line":33},"3":{"name":"(anonymous_3)","decl":{"start":{"line":45,"column":2},"end":{"line":45,"column":3}},"loc":{"start":{"line":45,"column":11},"end":{"line":74,"column":3}},"line":45}},"branchMap":{},"s":{"0":2,"1":2,"2":2,"3":2,"4":0,"5":0,"6":0,"7":0,"8":0,"9":0,"10":0,"11":2,"12":2,"13":2},"f":{"0":2,"1":0,"2":0,"3":2},"b":{},"_coverageSchema":"332fd63041d2c1bcb487cc26dd0d5f7d97098a6c","hash":"0125d637b7e95fe12276356b56e7268617d2dd9d"}
,"D:\\front-camp\\learn-react-ssr\\app\\reducers\\sort-articles.js": {"path":"D:\\front-camp\\learn-react-ssr\\app\\reducers\\sort-articles.js","statementMap":{"0":{"start":{"line":1,"column":21},"end":{"line":8,"column":1}},"1":{"start":{"line":2,"column":2},"end":{"line":7,"column":3}},"2":{"start":{"line":4,"column":6},"end":{"line":4,"column":25}},"3":{"start":{"line":6,"column":6},"end":{"line":6,"column":19}}},"fnMap":{"0":{"name":"(anonymous_0)","decl":{"start":{"line":1,"column":21},"end":{"line":1,"column":22}},"loc":{"start":{"line":1,"column":53},"end":{"line":8,"column":1}},"line":1}},"branchMap":{"0":{"loc":{"start":{"line":1,"column":22},"end":{"line":1,"column":40}},"type":"default-arg","locations":[{"start":{"line":1,"column":30},"end":{"line":1,"column":40}}],"line":1},"1":{"loc":{"start":{"line":2,"column":2},"end":{"line":7,"column":3}},"type":"switch","locations":[{"start":{"line":3,"column":4},"end":{"line":4,"column":25}},{"start":{"line":5,"column":4},"end":{"line":6,"column":19}}],"line":2}},"s":{"0":1,"1":1,"2":0,"3":1},"f":{"0":1},"b":{"0":[1],"1":[0,1]},"_coverageSchema":"332fd63041d2c1bcb487cc26dd0d5f7d97098a6c","hash":"1a25a072d6087656900289f37d3d06289af06ca3"}
,"D:\\front-camp\\learn-react-ssr\\helpers\\index.js": {"path":"D:\\front-camp\\learn-react-ssr\\helpers\\index.js","statementMap":{"0":{"start":{"line":1,"column":12},"end":{"line":1,"column":26}},"1":{"start":{"line":3,"column":23},"end":{"line":9,"column":1}},"2":{"start":{"line":4,"column":2},"end":{"line":8,"column":5}},"3":{"start":{"line":11,"column":27},"end":{"line":15,"column":1}},"4":{"start":{"line":12,"column":14},"end":{"line":12,"column":29}},"5":{"start":{"line":13,"column":2},"end":{"line":13,"column":19}},"6":{"start":{"line":14,"column":2},"end":{"line":14,"column":12}},"7":{"start":{"line":17,"column":20},"end":{"line":17,"column":26}}},"fnMap":{"0":{"name":"(anonymous_0)","decl":{"start":{"line":3,"column":23},"end":{"line":3,"column":24}},"loc":{"start":{"line":3,"column":30},"end":{"line":9,"column":1}},"line":3},"1":{"name":"(anonymous_1)","decl":{"start":{"line":11,"column":27},"end":{"line":11,"column":28}},"loc":{"start":{"line":11,"column":43},"end":{"line":15,"column":1}},"line":11}},"branchMap":{},"s":{"0":5,"1":5,"2":0,"3":5,"4":0,"5":0,"6":0,"7":5},"f":{"0":0,"1":0},"b":{},"_coverageSchema":"332fd63041d2c1bcb487cc26dd0d5f7d97098a6c","hash":"cb78b7d065c9a7e6c7c59bdef9ec424e80c04011"}
,"D:\\front-camp\\learn-react-ssr\\test\\jestsetup.js": {"path":"D:\\front-camp\\learn-react-ssr\\test\\jestsetup.js","statementMap":{"0":{"start":{"line":4,"column":0},"end":{"line":4,"column":45}},"1":{"start":{"line":6,"column":0},"end":{"line":6,"column":25}},"2":{"start":{"line":7,"column":0},"end":{"line":7,"column":23}},"3":{"start":{"line":8,"column":0},"end":{"line":8,"column":21}}},"fnMap":{},"branchMap":{},"s":{"0":8,"1":8,"2":8,"3":8},"f":{},"b":{},"_coverageSchema":"332fd63041d2c1bcb487cc26dd0d5f7d97098a6c","hash":"004d7bcfeea107956b5ac9aa0f98aeb42a9f645c"}
}
