TN:
SF:D:\front-camp\learn-react-ssr\app\App.js
FN:11,(anonymous_0)
FNF:1
FNH:1
FNDA:1,(anonymous_0)
DA:11,1
DA:12,1
LF:2
LH:2
BRF:0
BRH:0
end_of_record
TN:
SF:D:\front-camp\learn-react-ssr\app\routes.js
FNF:0
FNH:0
LF:0
LH:0
BRF:0
BRH:0
end_of_record
TN:
SF:D:\front-camp\learn-react-ssr\app\actions\index.js
FN:5,(anonymous_0)
FN:5,(anonymous_1)
FN:7,(anonymous_2)
FN:8,(anonymous_3)
FN:11,(anonymous_4)
FN:13,(anonymous_5)
FN:19,(anonymous_6)
FN:27,(anonymous_7)
FN:42,(anonymous_8)
FN:48,(anonymous_9)
FN:53,(anonymous_10)
FN:58,(anonymous_11)
FN:58,(anonymous_12)
FN:68,(anonymous_13)
FN:71,(anonymous_14)
FN:78,(anonymous_15)
FN:81,(anonymous_16)
FN:81,(anonymous_17)
FN:83,(anonymous_18)
FN:91,(anonymous_19)
FN:96,(anonymous_20)
FN:96,(anonymous_21)
FN:106,(anonymous_22)
FN:109,(anonymous_23)
FN:116,(anonymous_24)
FNF:25
FNH:6
FNDA:1,(anonymous_0)
FNDA:0,(anonymous_1)
FNDA:0,(anonymous_2)
FNDA:0,(anonymous_3)
FNDA:0,(anonymous_4)
FNDA:1,(anonymous_5)
FNDA:0,(anonymous_6)
FNDA:0,(anonymous_7)
FNDA:1,(anonymous_8)
FNDA:1,(anonymous_9)
FNDA:1,(anonymous_10)
FNDA:0,(anonymous_11)
FNDA:0,(anonymous_12)
FNDA:0,(anonymous_13)
FNDA:0,(anonymous_14)
FNDA:0,(anonymous_15)
FNDA:0,(anonymous_16)
FNDA:0,(anonymous_17)
FNDA:0,(anonymous_18)
FNDA:1,(anonymous_19)
FNDA:0,(anonymous_20)
FNDA:0,(anonymous_21)
FNDA:0,(anonymous_22)
FNDA:0,(anonymous_23)
FNDA:0,(anonymous_24)
DA:2,9
DA:5,9
DA:6,0
DA:7,0
DA:9,0
DA:11,0
DA:13,9
DA:19,9
DA:20,0
DA:27,0
DA:35,9
DA:42,9
DA:48,9
DA:53,9
DA:58,9
DA:59,0
DA:69,0
DA:72,0
DA:73,0
DA:75,0
DA:76,0
DA:78,0
DA:81,9
DA:82,0
DA:84,0
DA:85,0
DA:91,9
DA:96,9
DA:97,0
DA:107,0
DA:110,0
DA:111,0
DA:113,0
DA:114,0
DA:116,0
LF:35
LH:12
BRDA:72,0,0,0
BRDA:72,0,1,0
BRDA:110,1,0,0
BRDA:110,1,1,0
BRF:4
BRH:0
end_of_record
TN:
SF:D:\front-camp\learn-react-ssr\app\components\articles.js
FN:6,(anonymous_0)
FN:10,(anonymous_1)
FN:14,(anonymous_2)
FN:18,(anonymous_3)
FN:27,(anonymous_4)
FNF:5
FNH:4
FNDA:1,(anonymous_0)
FNDA:0,(anonymous_1)
FNDA:1,(anonymous_2)
FNDA:1,(anonymous_3)
FNDA:3,(anonymous_4)
DA:7,1
DA:11,0
DA:15,1
DA:19,1
DA:20,1
DA:27,3
LF:6
LH:5
BRF:0
BRH:0
end_of_record
TN:
SF:D:\front-camp\learn-react-ssr\app\components\footer.js
FN:3,(anonymous_0)
FNF:1
FNH:1
FNDA:1,(anonymous_0)
DA:4,1
LF:1
LH:1
BRF:0
BRH:0
end_of_record
TN:
SF:D:\front-camp\learn-react-ssr\app\components\header.js
FN:7,(anonymous_0)
FN:40,(anonymous_1)
FN:61,(anonymous_2)
FNF:3
FNH:2
FNDA:2,(anonymous_0)
FNDA:0,(anonymous_1)
FNDA:2,(anonymous_2)
DA:7,2
DA:8,2
DA:40,0
DA:61,2
DA:65,2
DA:69,2
LF:6
LH:5
BRDA:22,0,0,1
BRDA:22,0,1,1
BRDA:35,1,0,1
BRDA:35,1,1,1
BRF:4
BRH:4
end_of_record
TN:
SF:D:\front-camp\learn-react-ssr\app\components\input.js
FN:3,(anonymous_0)
FNF:1
FNH:1
FNDA:12,(anonymous_0)
DA:4,12
LF:1
LH:1
BRDA:3,0,0,8
BRDA:3,1,0,1
BRF:2
BRH:2
end_of_record
TN:
SF:D:\front-camp\learn-react-ssr\app\components\link.js
FN:2,(anonymous_0)
FN:14,(anonymous_1)
FNF:2
FNH:1
FNDA:6,(anonymous_0)
FNDA:0,(anonymous_1)
DA:3,6
DA:4,1
DA:10,5
DA:15,0
DA:16,0
LF:5
LH:3
BRDA:3,0,0,1
BRDA:3,0,1,5
BRF:2
BRH:2
end_of_record
TN:
SF:D:\front-camp\learn-react-ssr\app\components\post.js
FN:3,(anonymous_0)
FNF:1
FNH:1
FNDA:4,(anonymous_0)
DA:4,4
LF:1
LH:1
BRF:0
BRH:0
end_of_record
TN:
SF:D:\front-camp\learn-react-ssr\app\components\sort.js
FN:5,(anonymous_0)
FNF:1
FNH:1
FNDA:1,(anonymous_0)
DA:6,1
LF:1
LH:1
BRF:0
BRH:0
end_of_record
TN:
SF:D:\front-camp\learn-react-ssr\app\containers\sort-link.js
FN:6,(anonymous_0)
FN:10,(anonymous_1)
FN:12,(anonymous_2)
FNF:3
FNH:2
FNDA:4,(anonymous_0)
FNDA:4,(anonymous_1)
FNDA:0,(anonymous_2)
DA:6,4
DA:10,3
DA:11,4
DA:13,0
DA:17,3
LF:5
LH:4
BRF:0
BRH:0
end_of_record
TN:
SF:D:\front-camp\learn-react-ssr\app\containers\visible-articles.js
FN:6,(anonymous_0)
FN:11,(anonymous_1)
FN:13,(anonymous_2)
FN:15,(anonymous_3)
FN:19,(anonymous_4)
FNF:5
FNH:0
FNDA:0,(anonymous_0)
FNDA:0,(anonymous_1)
FNDA:0,(anonymous_2)
FNDA:0,(anonymous_3)
FNDA:0,(anonymous_4)
DA:6,2
DA:7,0
DA:9,0
DA:11,0
DA:13,0
DA:15,0
DA:19,2
DA:23,2
DA:27,2
LF:9
LH:4
BRDA:7,0,0,0
BRDA:7,0,1,0
BRDA:7,0,2,0
BRDA:7,0,3,0
BRF:4
BRH:0
end_of_record
TN:
SF:D:\front-camp\learn-react-ssr\app\pages\add-post.js
FN:8,(anonymous_0)
FN:25,(anonymous_1)
FN:38,(anonymous_2)
FN:42,(anonymous_3)
FN:43,(anonymous_4)
FN:57,(anonymous_5)
FN:148,(anonymous_6)
FNF:7
FNH:3
FNDA:2,(anonymous_0)
FNDA:0,(anonymous_1)
FNDA:0,(anonymous_2)
FNDA:0,(anonymous_3)
FNDA:0,(anonymous_4)
FNDA:2,(anonymous_5)
FNDA:2,(anonymous_6)
DA:9,2
DA:10,2
DA:21,2
DA:22,2
DA:26,0
DA:27,0
DA:28,0
DA:30,0
DA:39,0
DA:41,0
DA:42,0
DA:43,0
DA:45,0
DA:58,2
DA:60,2
DA:148,3
DA:152,3
DA:156,3
LF:18
LH:9
BRDA:64,0,0,1
BRDA:64,0,1,1
BRF:2
BRH:2
end_of_record
TN:
SF:D:\front-camp\learn-react-ssr\app\pages\login.js
FN:8,(anonymous_0)
FN:20,(anonymous_1)
FN:33,(anonymous_2)
FN:45,(anonymous_3)
FNF:4
FNH:2
FNDA:1,(anonymous_0)
FNDA:0,(anonymous_1)
FNDA:0,(anonymous_2)
FNDA:1,(anonymous_3)
DA:9,1
DA:10,1
DA:16,1
DA:17,1
DA:21,0
DA:22,0
DA:23,0
DA:25,0
DA:34,0
DA:35,0
DA:37,0
DA:46,1
DA:77,3
DA:81,3
LF:14
LH:7
BRF:0
BRH:0
end_of_record
TN:
SF:D:\front-camp\learn-react-ssr\app\pages\main.js
FN:6,(anonymous_0)
FNF:1
FNH:0
FNDA:0,(anonymous_0)
DA:7,0
LF:1
LH:0
BRF:0
BRH:0
end_of_record
TN:
SF:D:\front-camp\learn-react-ssr\app\pages\signup.js
FN:8,(anonymous_0)
FN:20,(anonymous_1)
FN:33,(anonymous_2)
FN:45,(anonymous_3)
FNF:4
FNH:2
FNDA:2,(anonymous_0)
FNDA:0,(anonymous_1)
FNDA:0,(anonymous_2)
FNDA:2,(anonymous_3)
DA:9,2
DA:10,2
DA:16,2
DA:17,2
DA:21,0
DA:22,0
DA:23,0
DA:25,0
DA:34,0
DA:35,0
DA:37,0
DA:46,2
DA:77,3
DA:81,3
LF:14
LH:7
BRF:0
BRH:0
end_of_record
TN:
SF:D:\front-camp\learn-react-ssr\app\reducers\sort-articles.js
FN:1,(anonymous_0)
FNF:1
FNH:1
FNDA:1,(anonymous_0)
DA:1,1
DA:2,1
DA:4,0
DA:6,1
LF:4
LH:3
BRDA:1,0,0,1
BRDA:2,1,0,0
BRDA:2,1,1,1
BRF:3
BRH:2
end_of_record
TN:
SF:D:\front-camp\learn-react-ssr\helpers\index.js
FN:3,(anonymous_0)
FN:11,(anonymous_1)
FNF:2
FNH:0
FNDA:0,(anonymous_0)
FNDA:0,(anonymous_1)
DA:1,9
DA:3,9
DA:4,0
DA:11,9
DA:12,0
DA:13,0
DA:14,0
DA:17,9
LF:8
LH:4
BRF:0
BRH:0
end_of_record
TN:
SF:D:\front-camp\learn-react-ssr\test\jestsetup.js
FNF:0
FNH:0
DA:4,14
DA:6,14
DA:7,14
DA:8,14
LF:4
LH:4
BRF:0
BRH:0
end_of_record
